0 info it worked if it ends with ok
1 verbose cli [ '/usr/bin/node', '/usr/bin/npm', 'install', 'jade', '--global' ]
2 info using npm@1.3.5
3 info using node@v0.10.15
4 verbose node symlink /usr/bin/node
5 verbose cache add [ 'jade', null ]
6 verbose cache add name=undefined spec="jade" args=["jade",null]
7 verbose parsed url { protocol: null,
7 verbose parsed url   slashes: null,
7 verbose parsed url   auth: null,
7 verbose parsed url   host: null,
7 verbose parsed url   port: null,
7 verbose parsed url   hostname: null,
7 verbose parsed url   hash: null,
7 verbose parsed url   search: null,
7 verbose parsed url   query: null,
7 verbose parsed url   pathname: 'jade',
7 verbose parsed url   path: 'jade',
7 verbose parsed url   href: 'jade' }
8 silly lockFile 5bd60fae-jade jade
9 verbose lock jade /home/alisa/.npm/5bd60fae-jade.lock
10 silly lockFile 5bd60fae-jade jade
11 silly lockFile 5bd60fae-jade jade
12 verbose addNamed [ 'jade', '' ]
13 verbose addNamed [ null, '*' ]
14 silly lockFile 51d481b2-jade jade@
15 verbose lock jade@ /home/alisa/.npm/51d481b2-jade.lock
16 silly addNameRange { name: 'jade', range: '*', hasData: false }
17 verbose url raw jade
18 verbose url resolving [ 'https://registry.npmjs.org/', './jade' ]
19 verbose url resolved https://registry.npmjs.org/jade
20 info trying registry request attempt 1 at 16:30:11
21 http GET https://registry.npmjs.org/jade
22 http 200 https://registry.npmjs.org/jade
23 silly registry.get cb [ 200,
23 silly registry.get   { vary: 'Accept',
23 silly registry.get     server: 'CouchDB/1.3.0 (Erlang OTP/R15B03)',
23 silly registry.get     etag: '"4WTPCVGOO2F2QQOCOC0O4G986"',
23 silly registry.get     date: 'Mon, 19 Aug 2013 20:30:12 GMT',
23 silly registry.get     'content-type': 'application/json',
23 silly registry.get     'content-length': '588933' } ]
24 silly addNameRange number 2 { name: 'jade', range: '*', hasData: true }
25 silly addNameRange versions [ 'jade',
25 silly addNameRange   [ '0.0.1',
25 silly addNameRange     '0.0.2',
25 silly addNameRange     '0.1.0',
25 silly addNameRange     '0.2.0',
25 silly addNameRange     '0.2.1',
25 silly addNameRange     '0.2.2',
25 silly addNameRange     '0.2.3',
25 silly addNameRange     '0.2.4',
25 silly addNameRange     '0.3.0',
25 silly addNameRange     '0.4.0',
25 silly addNameRange     '0.4.1',
25 silly addNameRange     '0.5.0',
25 silly addNameRange     '0.5.1',
25 silly addNameRange     '0.5.2',
25 silly addNameRange     '0.5.3',
25 silly addNameRange     '0.5.4',
25 silly addNameRange     '0.5.5',
25 silly addNameRange     '0.5.6',
25 silly addNameRange     '0.5.7',
25 silly addNameRange     '0.6.0',
25 silly addNameRange     '0.6.1',
25 silly addNameRange     '0.6.3',
25 silly addNameRange     '0.7.0',
25 silly addNameRange     '0.7.1',
25 silly addNameRange     '0.8.0',
25 silly addNameRange     '0.8.1',
25 silly addNameRange     '0.8.2',
25 silly addNameRange     '0.8.3',
25 silly addNameRange     '0.8.4',
25 silly addNameRange     '0.8.5',
25 silly addNameRange     '0.8.6',
25 silly addNameRange     '0.8.7',
25 silly addNameRange     '0.8.8',
25 silly addNameRange     '0.8.9',
25 silly addNameRange     '0.9.0',
25 silly addNameRange     '0.9.1',
25 silly addNameRange     '0.9.2',
25 silly addNameRange     '0.9.3',
25 silly addNameRange     '0.10.0',
25 silly addNameRange     '0.10.1',
25 silly addNameRange     '0.10.2',
25 silly addNameRange     '0.10.3',
25 silly addNameRange     '0.10.4',
25 silly addNameRange     '0.10.5',
25 silly addNameRange     '0.10.6',
25 silly addNameRange     '0.10.7',
25 silly addNameRange     '0.11.0',
25 silly addNameRange     '0.11.1',
25 silly addNameRange     '0.12.0',
25 silly addNameRange     '0.12.1',
25 silly addNameRange     '0.12.2',
25 silly addNameRange     '0.12.3',
25 silly addNameRange     '0.12.4',
25 silly addNameRange     '0.13.0',
25 silly addNameRange     '0.14.0',
25 silly addNameRange     '0.14.1',
25 silly addNameRange     '0.14.2',
25 silly addNameRange     '0.15.0',
25 silly addNameRange     '0.15.1',
25 silly addNameRange     '0.15.2',
25 silly addNameRange     '0.15.3',
25 silly addNameRange     '0.15.4',
25 silly addNameRange     '0.16.0',
25 silly addNameRange     '0.16.1',
25 silly addNameRange     '0.16.2',
25 silly addNameRange     '0.16.3',
25 silly addNameRange     '0.16.4',
25 silly addNameRange     '0.17.0',
25 silly addNameRange     '0.18.0',
25 silly addNameRange     '0.19.0',
25 silly addNameRange     '0.20.0',
25 silly addNameRange     '0.20.1',
25 silly addNameRange     '0.20.2',
25 silly addNameRange     '0.20.3',
25 silly addNameRange     '0.21.0',
25 silly addNameRange     '0.22.0',
25 silly addNameRange     '0.22.1',
25 silly addNameRange     '0.23.0',
25 silly addNameRange     '0.24.0',
25 silly addNameRange     '0.25.0',
25 silly addNameRange     '0.26.0',
25 silly addNameRange     '0.26.1',
25 silly addNameRange     '0.26.2',
25 silly addNameRange     '0.26.3',
25 silly addNameRange     '0.27.0',
25 silly addNameRange     '0.27.1',
25 silly addNameRange     '0.27.2',
25 silly addNameRange     '0.27.3',
25 silly addNameRange     '0.27.4',
25 silly addNameRange     '0.27.5',
25 silly addNameRange     '0.27.6',
25 silly addNameRange     '0.27.7',
25 silly addNameRange     '0.28.0',
25 silly addNameRange     '0.28.1',
25 silly addNameRange     '0.28.2',
25 silly addNameRange     '0.29.0',
25 silly addNameRange     '0.30.0',
25 silly addNameRange     '0.31.0',
25 silly addNameRange     '0.31.1',
25 silly addNameRange     '0.31.2',
25 silly addNameRange     '0.32.0',
25 silly addNameRange     '0.33.0',
25 silly addNameRange     '0.34.0',
25 silly addNameRange     '0.34.1' ] ]
26 verbose addNamed [ 'jade', '0.34.1' ]
27 verbose addNamed [ '0.34.1', '0.34.1' ]
28 silly lockFile 5e424f25-jade-0-34-1 jade@0.34.1
29 verbose lock jade@0.34.1 /home/alisa/.npm/5e424f25-jade-0-34-1.lock
30 silly lockFile 24efb250-y-npmjs-org-jade-jade-0-34-1-tgz https://registry.npmjs.org/jade/-/jade-0.34.1.tgz
31 verbose lock https://registry.npmjs.org/jade/-/jade-0.34.1.tgz /home/alisa/.npm/24efb250-y-npmjs-org-jade-jade-0-34-1-tgz.lock
32 verbose addRemoteTarball [ 'https://registry.npmjs.org/jade/-/jade-0.34.1.tgz',
32 verbose addRemoteTarball   '6cb1f0928adfe9be7323d0b57e507e5c3c70f650' ]
33 info retry fetch attempt 1 at 16:30:17
34 verbose fetch to= /home/alisa/tmp/npm-6055-Z-SG9HBI/1376944217838-0.6189582354854792/tmp.tgz
35 http GET https://registry.npmjs.org/jade/-/jade-0.34.1.tgz
36 http 200 https://registry.npmjs.org/jade/-/jade-0.34.1.tgz
37 verbose tar unpack /home/alisa/tmp/npm-6055-Z-SG9HBI/1376944217838-0.6189582354854792/tmp.tgz
38 silly lockFile b0dcba25-17838-0-6189582354854792-package tar:///home/alisa/tmp/npm-6055-Z-SG9HBI/1376944217838-0.6189582354854792/package
39 verbose lock tar:///home/alisa/tmp/npm-6055-Z-SG9HBI/1376944217838-0.6189582354854792/package /home/alisa/.npm/b0dcba25-17838-0-6189582354854792-package.lock
40 silly lockFile d01d6ad3-17838-0-6189582354854792-tmp-tgz tar:///home/alisa/tmp/npm-6055-Z-SG9HBI/1376944217838-0.6189582354854792/tmp.tgz
41 verbose lock tar:///home/alisa/tmp/npm-6055-Z-SG9HBI/1376944217838-0.6189582354854792/tmp.tgz /home/alisa/.npm/d01d6ad3-17838-0-6189582354854792-tmp-tgz.lock
42 silly gunzTarPerm modes [ '755', '644' ]
43 silly gunzTarPerm extractEntry package.json
44 silly gunzTarPerm modified mode [ 'package.json', 438, 420 ]
45 silly gunzTarPerm extractEntry .npmignore
46 silly gunzTarPerm modified mode [ '.npmignore', 438, 420 ]
47 silly gunzTarPerm extractEntry LICENSE
48 silly gunzTarPerm modified mode [ 'LICENSE', 438, 420 ]
49 silly gunzTarPerm extractEntry index.js
50 silly gunzTarPerm modified mode [ 'index.js', 438, 420 ]
51 silly gunzTarPerm extractEntry jade.js
52 silly gunzTarPerm modified mode [ 'jade.js', 438, 420 ]
53 silly gunzTarPerm extractEntry runtime.js
54 silly gunzTarPerm modified mode [ 'runtime.js', 438, 420 ]
55 silly gunzTarPerm extractEntry bin/jade
56 silly gunzTarPerm modified mode [ 'bin/jade', 438, 420 ]
57 silly gunzTarPerm extractEntry lib/compiler.js
58 silly gunzTarPerm modified mode [ 'lib/compiler.js', 438, 420 ]
59 silly gunzTarPerm extractEntry lib/filters-client.js
60 silly gunzTarPerm modified mode [ 'lib/filters-client.js', 438, 420 ]
61 silly gunzTarPerm extractEntry lib/filters.js
62 silly gunzTarPerm modified mode [ 'lib/filters.js', 438, 420 ]
63 silly gunzTarPerm extractEntry lib/index.js
64 silly gunzTarPerm modified mode [ 'lib/index.js', 438, 420 ]
65 silly gunzTarPerm extractEntry lib/inline-tags.js
66 silly gunzTarPerm modified mode [ 'lib/inline-tags.js', 438, 420 ]
67 silly gunzTarPerm extractEntry lib/doctypes.js
68 silly gunzTarPerm modified mode [ 'lib/doctypes.js', 438, 420 ]
69 silly gunzTarPerm extractEntry lib/lexer.js
70 silly gunzTarPerm modified mode [ 'lib/lexer.js', 438, 420 ]
71 silly gunzTarPerm extractEntry lib/self-closing.js
72 silly gunzTarPerm modified mode [ 'lib/self-closing.js', 438, 420 ]
73 silly gunzTarPerm extractEntry lib/parser.js
74 silly gunzTarPerm modified mode [ 'lib/parser.js', 438, 420 ]
75 silly gunzTarPerm extractEntry lib/runtime.js
76 silly gunzTarPerm modified mode [ 'lib/runtime.js', 438, 420 ]
77 silly gunzTarPerm extractEntry lib/utils.js
78 silly gunzTarPerm modified mode [ 'lib/utils.js', 438, 420 ]
79 silly gunzTarPerm extractEntry lib/jade.js
80 silly gunzTarPerm modified mode [ 'lib/jade.js', 438, 420 ]
81 silly gunzTarPerm extractEntry lib/nodes/attrs.js
82 silly gunzTarPerm modified mode [ 'lib/nodes/attrs.js', 438, 420 ]
83 silly gunzTarPerm extractEntry lib/nodes/code.js
84 silly gunzTarPerm modified mode [ 'lib/nodes/code.js', 438, 420 ]
85 silly gunzTarPerm extractEntry lib/nodes/comment.js
86 silly gunzTarPerm modified mode [ 'lib/nodes/comment.js', 438, 420 ]
87 silly gunzTarPerm extractEntry lib/nodes/doctype.js
88 silly gunzTarPerm modified mode [ 'lib/nodes/doctype.js', 438, 420 ]
89 silly gunzTarPerm extractEntry lib/nodes/case.js
90 silly gunzTarPerm modified mode [ 'lib/nodes/case.js', 438, 420 ]
91 silly gunzTarPerm extractEntry lib/nodes/filter.js
92 silly gunzTarPerm modified mode [ 'lib/nodes/filter.js', 438, 420 ]
93 silly gunzTarPerm extractEntry lib/nodes/index.js
94 silly gunzTarPerm modified mode [ 'lib/nodes/index.js', 438, 420 ]
95 silly gunzTarPerm extractEntry lib/nodes/literal.js
96 silly gunzTarPerm modified mode [ 'lib/nodes/literal.js', 438, 420 ]
97 silly gunzTarPerm extractEntry lib/nodes/mixin.js
98 silly gunzTarPerm modified mode [ 'lib/nodes/mixin.js', 438, 420 ]
99 silly gunzTarPerm extractEntry lib/nodes/node.js
100 silly gunzTarPerm modified mode [ 'lib/nodes/node.js', 438, 420 ]
101 silly gunzTarPerm extractEntry lib/nodes/block.js
102 silly gunzTarPerm modified mode [ 'lib/nodes/block.js', 438, 420 ]
103 silly gunzTarPerm extractEntry lib/nodes/tag.js
104 silly gunzTarPerm modified mode [ 'lib/nodes/tag.js', 438, 420 ]
105 silly gunzTarPerm extractEntry lib/nodes/block-comment.js
106 silly gunzTarPerm modified mode [ 'lib/nodes/block-comment.js', 438, 420 ]
107 silly gunzTarPerm extractEntry lib/nodes/text.js
108 silly gunzTarPerm modified mode [ 'lib/nodes/text.js', 438, 420 ]
109 silly gunzTarPerm extractEntry lib/nodes/each.js
110 silly gunzTarPerm modified mode [ 'lib/nodes/each.js', 438, 420 ]
111 silly gunzTarPerm extractEntry jade-language.md
112 silly gunzTarPerm modified mode [ 'jade-language.md', 438, 420 ]
113 silly gunzTarPerm extractEntry component.json
114 silly gunzTarPerm modified mode [ 'component.json', 438, 420 ]
115 silly gunzTarPerm extractEntry Readme.md
116 silly gunzTarPerm modified mode [ 'Readme.md', 438, 420 ]
117 silly gunzTarPerm extractEntry Readme_zh-cn.md
118 silly gunzTarPerm modified mode [ 'Readme_zh-cn.md', 438, 420 ]
119 silly gunzTarPerm extractEntry jade.md
120 silly gunzTarPerm modified mode [ 'jade.md', 438, 420 ]
121 silly lockFile b0dcba25-17838-0-6189582354854792-package tar:///home/alisa/tmp/npm-6055-Z-SG9HBI/1376944217838-0.6189582354854792/package
122 silly lockFile b0dcba25-17838-0-6189582354854792-package tar:///home/alisa/tmp/npm-6055-Z-SG9HBI/1376944217838-0.6189582354854792/package
123 silly lockFile d01d6ad3-17838-0-6189582354854792-tmp-tgz tar:///home/alisa/tmp/npm-6055-Z-SG9HBI/1376944217838-0.6189582354854792/tmp.tgz
124 silly lockFile d01d6ad3-17838-0-6189582354854792-tmp-tgz tar:///home/alisa/tmp/npm-6055-Z-SG9HBI/1376944217838-0.6189582354854792/tmp.tgz
125 verbose tar pack [ '/home/alisa/.npm/jade/0.34.1/package.tgz',
125 verbose tar pack   '/home/alisa/tmp/npm-6055-Z-SG9HBI/1376944217838-0.6189582354854792/package' ]
126 verbose tarball /home/alisa/.npm/jade/0.34.1/package.tgz
127 verbose folder /home/alisa/tmp/npm-6055-Z-SG9HBI/1376944217838-0.6189582354854792/package
128 silly lockFile b0dcba25-17838-0-6189582354854792-package tar:///home/alisa/tmp/npm-6055-Z-SG9HBI/1376944217838-0.6189582354854792/package
129 verbose lock tar:///home/alisa/tmp/npm-6055-Z-SG9HBI/1376944217838-0.6189582354854792/package /home/alisa/.npm/b0dcba25-17838-0-6189582354854792-package.lock
130 silly lockFile 124cd8b2-lisa-npm-jade-0-34-1-package-tgz tar:///home/alisa/.npm/jade/0.34.1/package.tgz
131 verbose lock tar:///home/alisa/.npm/jade/0.34.1/package.tgz /home/alisa/.npm/124cd8b2-lisa-npm-jade-0-34-1-package-tgz.lock
132 silly lockFile b0dcba25-17838-0-6189582354854792-package tar:///home/alisa/tmp/npm-6055-Z-SG9HBI/1376944217838-0.6189582354854792/package
133 silly lockFile b0dcba25-17838-0-6189582354854792-package tar:///home/alisa/tmp/npm-6055-Z-SG9HBI/1376944217838-0.6189582354854792/package
134 silly lockFile 124cd8b2-lisa-npm-jade-0-34-1-package-tgz tar:///home/alisa/.npm/jade/0.34.1/package.tgz
135 silly lockFile 124cd8b2-lisa-npm-jade-0-34-1-package-tgz tar:///home/alisa/.npm/jade/0.34.1/package.tgz
136 silly lockFile b01bd461-me-alisa-npm-jade-0-34-1-package /home/alisa/.npm/jade/0.34.1/package
137 verbose lock /home/alisa/.npm/jade/0.34.1/package /home/alisa/.npm/b01bd461-me-alisa-npm-jade-0-34-1-package.lock
138 silly lockFile b01bd461-me-alisa-npm-jade-0-34-1-package /home/alisa/.npm/jade/0.34.1/package
139 silly lockFile b01bd461-me-alisa-npm-jade-0-34-1-package /home/alisa/.npm/jade/0.34.1/package
140 verbose tar unpack /home/alisa/.npm/jade/0.34.1/package.tgz
141 silly lockFile 78c606f9-me-alisa-npm-jade-0-34-1-package tar:///home/alisa/.npm/jade/0.34.1/package
142 verbose lock tar:///home/alisa/.npm/jade/0.34.1/package /home/alisa/.npm/78c606f9-me-alisa-npm-jade-0-34-1-package.lock
143 silly lockFile 124cd8b2-lisa-npm-jade-0-34-1-package-tgz tar:///home/alisa/.npm/jade/0.34.1/package.tgz
144 verbose lock tar:///home/alisa/.npm/jade/0.34.1/package.tgz /home/alisa/.npm/124cd8b2-lisa-npm-jade-0-34-1-package-tgz.lock
145 silly gunzTarPerm modes [ '755', '644' ]
146 silly gunzTarPerm extractEntry package.json
147 silly gunzTarPerm extractEntry .npmignore
148 silly gunzTarPerm extractEntry LICENSE
149 silly gunzTarPerm extractEntry jade.js
150 silly gunzTarPerm extractEntry runtime.js
151 silly gunzTarPerm extractEntry index.js
152 silly gunzTarPerm extractEntry component.json
153 silly gunzTarPerm extractEntry bin/jade
154 silly gunzTarPerm extractEntry jade-language.md
155 silly gunzTarPerm extractEntry Readme_zh-cn.md
156 silly gunzTarPerm extractEntry jade.md
157 silly gunzTarPerm extractEntry lib/compiler.js
158 silly gunzTarPerm extractEntry lib/filters-client.js
159 silly gunzTarPerm extractEntry lib/filters.js
160 silly gunzTarPerm extractEntry lib/index.js
161 silly gunzTarPerm extractEntry lib/inline-tags.js
162 silly gunzTarPerm extractEntry lib/doctypes.js
163 silly gunzTarPerm extractEntry lib/lexer.js
164 silly gunzTarPerm extractEntry lib/self-closing.js
165 silly gunzTarPerm extractEntry lib/parser.js
166 silly gunzTarPerm extractEntry lib/runtime.js
167 silly gunzTarPerm extractEntry lib/utils.js
168 silly gunzTarPerm extractEntry lib/jade.js
169 silly gunzTarPerm extractEntry lib/nodes/attrs.js
170 silly gunzTarPerm extractEntry lib/nodes/code.js
171 silly gunzTarPerm extractEntry lib/nodes/comment.js
172 silly gunzTarPerm extractEntry lib/nodes/doctype.js
173 silly gunzTarPerm extractEntry lib/nodes/case.js
174 silly gunzTarPerm extractEntry lib/nodes/filter.js
175 silly gunzTarPerm extractEntry lib/nodes/index.js
176 silly gunzTarPerm extractEntry lib/nodes/literal.js
177 silly gunzTarPerm extractEntry lib/nodes/mixin.js
178 silly gunzTarPerm extractEntry lib/nodes/node.js
179 silly gunzTarPerm extractEntry lib/nodes/block.js
180 silly gunzTarPerm extractEntry lib/nodes/tag.js
181 silly gunzTarPerm extractEntry lib/nodes/block-comment.js
182 silly gunzTarPerm extractEntry lib/nodes/text.js
183 silly gunzTarPerm extractEntry lib/nodes/each.js
184 silly gunzTarPerm extractEntry Readme.md
185 silly lockFile 78c606f9-me-alisa-npm-jade-0-34-1-package tar:///home/alisa/.npm/jade/0.34.1/package
186 silly lockFile 78c606f9-me-alisa-npm-jade-0-34-1-package tar:///home/alisa/.npm/jade/0.34.1/package
187 silly lockFile 124cd8b2-lisa-npm-jade-0-34-1-package-tgz tar:///home/alisa/.npm/jade/0.34.1/package.tgz
188 silly lockFile 124cd8b2-lisa-npm-jade-0-34-1-package-tgz tar:///home/alisa/.npm/jade/0.34.1/package.tgz
189 verbose chmod /home/alisa/.npm/jade/0.34.1/package.tgz 644
190 verbose chown /home/alisa/.npm/jade/0.34.1/package.tgz [ 1000, 1000 ]
191 silly lockFile 24efb250-y-npmjs-org-jade-jade-0-34-1-tgz https://registry.npmjs.org/jade/-/jade-0.34.1.tgz
192 silly lockFile 24efb250-y-npmjs-org-jade-jade-0-34-1-tgz https://registry.npmjs.org/jade/-/jade-0.34.1.tgz
193 silly lockFile 5e424f25-jade-0-34-1 jade@0.34.1
194 silly lockFile 5e424f25-jade-0-34-1 jade@0.34.1
195 silly lockFile 51d481b2-jade jade@
196 silly lockFile 51d481b2-jade jade@
197 silly resolved [ { name: 'jade',
197 silly resolved     description: 'Jade template engine',
197 silly resolved     version: '0.34.1',
197 silly resolved     author: { name: 'TJ Holowaychuk', email: 'tj@vision-media.ca' },
197 silly resolved     repository: { type: 'git', url: 'git://github.com/visionmedia/jade' },
197 silly resolved     main: './index.js',
197 silly resolved     bin: { jade: './bin/jade' },
197 silly resolved     man: [ './jade.1' ],
197 silly resolved     dependencies:
197 silly resolved      { commander: '1.3.2',
197 silly resolved        mkdirp: '0.3.x',
197 silly resolved        transformers: '2.1.0',
197 silly resolved        'character-parser': '1.0.2',
197 silly resolved        monocle: '0.1.50',
197 silly resolved        with: '~1.1.0',
197 silly resolved        constantinople: '~1.0.1' },
197 silly resolved     devDependencies:
197 silly resolved      { 'coffee-script': '*',
197 silly resolved        mocha: '*',
197 silly resolved        markdown: '*',
197 silly resolved        stylus: '*',
197 silly resolved        uubench: '*',
197 silly resolved        should: '*',
197 silly resolved        less: '*',
197 silly resolved        'uglify-js': '*',
197 silly resolved        browserify: '*',
197 silly resolved        linify: '*' },
197 silly resolved     component: { scripts: [Object] },
197 silly resolved     scripts:
197 silly resolved      { test: 'mocha -R spec',
197 silly resolved        prepublish: 'npm prune && linify transform bin && npm run build',
197 silly resolved        build: 'npm run compile',
197 silly resolved        compile: 'npm run compile-full && npm run compile-runtime',
197 silly resolved        'compile-full': 'browserify ./lib/jade.js --standalone jade -x ./node_modules/transformers > jade.js',
197 silly resolved        'compile-runtime': 'browserify ./lib/runtime.js --standalone jade > runtime.js' },
197 silly resolved     browser: { './lib/filters.js': './lib/filters-client.js' },
197 silly resolved     readme: '# [![Jade - template engine ](http://i.imgur.com/5zf2aVt.png)](http://jade-lang.com/)\r\n\r\nFull documentation is at [jade-lang.com](http://jade-lang.com/)\r\n\r\n Jade is a high performance template engine heavily influenced by [Haml](http://haml-lang.com)\r\n and implemented with JavaScript for [node](http://nodejs.org). For discussion join the [Google Group](http://groups.google.com/group/jadejs).\r\n\r\n You can test drive Jade online [here](http://naltatis.github.com/jade-syntax-docs).\r\n\r\n [![Build Status](https://travis-ci.org/visionmedia/jade.png?branch=master)](https://travis-ci.org/visionmedia/jade)\r\n [![Dependency Status](https://gemnasium.com/visionmedia/jade.png)](https://gemnasium.com/visionmedia/jade)\r\n [![NPM version](https://badge.fury.io/js/jade.png)](http://badge.fury.io/js/jade)\r\n\r\n## Announcements\r\n\r\n**Deprecation of implicit script/style text-only:**\r\n\r\n Jade version 0.31.0 deprecated implicit text only support for scripts and styles.  To fix this all you need to do is add a `.` character after the script or style tag.\r\n\r\n It is hoped that this change will make Jade easier for newcomers to learn without affecting the power of the language or leading to excessive verboseness.\r\n\r\n If you have a lot of Jade files that need fixing you can use [fix-jade](https://github.com/ForbesLindesay/fix-jade) to attempt to automate the process.\r\n\r\n**Command line option change:**\r\n\r\nsince `v0.31.0`, `-o` is preferred for `--out` where we used `-O` before.\r\n\r\n## Installation\r\n\r\nvia npm:\r\n\r\n```bash\r\n$ npm install jade\r\n```\r\n\r\n## Syntax\r\n\r\nJade is a clean, whitespace sensitive syntax for writing html.  Here is a simple example:\r\n\r\n```jade\r\ndoctype 5\r\nhtml(lang="en")\r\n  head\r\n    title= pageTitle\r\n    script(type=\'text/javascript\').\r\n      if (foo) bar(1 + 5)\r\n  body\r\n    h1 Jade - node template engine\r\n    #container.col\r\n      if youAreUsingJade\r\n        p You are amazing\r\n      else\r\n        p Get on it!\r\n      p.\r\n        Jade is a terse and simple templating language with a\r\n        strong focus on performance and powerful features.\r\n```\r\n\r\nbecomes\r\n\r\n\r\n```html\r\n<!DOCTYPE html>\r\n<html lang="en">\r\n  <head>\r\n    <title>Jade</title>\r\n    <script type="text/javascript">\r\n      if (foo) bar(1 + 5)\r\n    </script>\r\n  </head>\r\n  <body>\r\n    <h1>Jade - node template engine</h1>\r\n    <div id="container" class="col">\r\n      <p>You are amazing</p>\r\n      <p>Jade is a terse and simple templating language with a strong focus on performance and powerful features.</p>\r\n    </div>\r\n  </body>\r\n</html>\r\n```\r\n\r\nThe official [jade tutorial](http://jade-lang.com/tutorial/) is a great place to start.  While that (and the syntax documentation) is being finished, you can view some of the old documentation [here](https://github.com/visionmedia/jade/blob/master/jade.md) and [here](https://github.com/visionmedia/jade/blob/master/jade-language.md)\r\n\r\n## API\r\n\r\nFor full API, see [jade-lang.com/api](http://jade-lang.com/api/)\r\n\r\n```js\r\nvar jade = require(\'jade\');\r\n\r\n// compile\r\nvar fn = jade.compile(\'string of jade\', options);\r\nvar html = fn(locals);\r\n\r\n// render\r\nvar html = jade.render(\'string of jade\', merge(options, locals));\r\n\r\n// renderFile\r\nvar html = jade.renderFile(\'filename.jade\', merge(options, locals));\r\n```\r\n\r\n### Options\r\n\r\n - `filename`  Used in exceptions, and required when using includes\r\n - `compileDebug`  When `false` no debug instrumentation is compiled\r\n - `pretty`    Add pretty-indentation whitespace to output _(false by default)_\r\n\r\n## Browser Support\r\n\r\n The latest version of jade can be download for the browser in standalone form from [here](https://github.com/visionmedia/jade/raw/master/jade.js).  It only supports the very latest browsers though, and is a large file.  It is recommended that you pre-compile your jade templates to JavaScript and then just use the [runtime.js](https://github.com/visionmedia/jade/raw/master/runtime.js) library on the client.\r\n\r\n To compile a template for use on the client using the command line, do:\r\n\r\n```console\r\n$ jade --client --no-debug filename.jade\r\n```\r\n\r\nwhich will produce `filename.js` containing the compiled template.\r\n\r\n## Command Line\r\n\r\nAfter installing the latest version of [node](http://nodejs.org/), install with:\r\n\r\n```console\r\n$ npm install jade -g\r\n```\r\n\r\nand run with\r\n\r\n```console\r\n$ jade --help\r\n```\r\n\r\n## Additional Resources\r\n\r\nTutorials:\r\n\r\n  - cssdeck interactive [Jade syntax tutorial](http://cssdeck.com/labs/learning-the-jade-templating-engine-syntax)\r\n  - cssdeck interactive [Jade logic tutorial](http://cssdeck.com/labs/jade-templating-tutorial-codecast-part-2)\r\n  - in [Japanese](http://blog.craftgear.net/4f501e97c1347ec934000001/title/10%E5%88%86%E3%81%A7%E3%82%8F%E3%81%8B%E3%82%8Bjade%E3%83%86%E3%83%B3%E3%83%97%E3%83%AC%E3%83%BC%E3%83%88%E3%82%A8%E3%83%B3%E3%82%B8%E3%83%B3)\r\n\r\n\r\nImplementations in other languages:\r\n\r\n  - [php](http://github.com/everzet/jade.php)\r\n  - [scala](http://scalate.fusesource.org/versions/snapshot/documentation/scaml-reference.html)\r\n  - [ruby](https://github.com/slim-template/slim)\r\n  - [python](https://github.com/SyrusAkbary/pyjade)\r\n  - [java](https://github.com/neuland/jade4j)\r\n\r\nOther:\r\n\r\n  - [Emacs Mode](https://github.com/brianc/jade-mode)\r\n  - [Vim Syntax](https://github.com/digitaltoad/vim-jade)\r\n  - [TextMate Bundle](http://github.com/miksago/jade-tmbundle)\r\n  - [Coda/SubEtha syntax Mode](https://github.com/aaronmccall/jade.mode)\r\n  - [Screencasts](http://tjholowaychuk.com/post/1004255394/jade-screencast-template-engine-for-nodejs)\r\n  - [html2jade](https://github.com/donpark/html2jade) converter\r\n\r\n## License\r\n\r\nMIT\r\n',
197 silly resolved     readmeFilename: 'Readme.md',
197 silly resolved     bugs: { url: 'https://github.com/visionmedia/jade/issues' },
197 silly resolved     _id: 'jade@0.34.1',
197 silly resolved     dist: { shasum: 'a345c057f2b6a07929df0810a585861e1ec5ed66' },
197 silly resolved     _from: 'jade@',
197 silly resolved     _resolved: 'https://registry.npmjs.org/jade/-/jade-0.34.1.tgz' } ]
198 info install jade@0.34.1 into /usr/lib
199 info installOne jade@0.34.1
200 info /usr/lib/node_modules/jade unbuild
201 verbose tar unpack /home/alisa/.npm/jade/0.34.1/package.tgz
202 silly lockFile 4b04e445-tar-usr-lib-node-modules-jade tar:///usr/lib/node_modules/jade
203 verbose lock tar:///usr/lib/node_modules/jade /home/alisa/.npm/4b04e445-tar-usr-lib-node-modules-jade.lock
204 silly lockFile 124cd8b2-lisa-npm-jade-0-34-1-package-tgz tar:///home/alisa/.npm/jade/0.34.1/package.tgz
205 verbose lock tar:///home/alisa/.npm/jade/0.34.1/package.tgz /home/alisa/.npm/124cd8b2-lisa-npm-jade-0-34-1-package-tgz.lock
206 silly gunzTarPerm modes [ '755', '644' ]
207 error Error: EACCES, mkdir '/usr/lib/node_modules/jade'
207 error  { [Error: EACCES, mkdir '/usr/lib/node_modules/jade']
207 error   errno: 3,
207 error   code: 'EACCES',
207 error   path: '/usr/lib/node_modules/jade',
207 error   fstream_type: 'Directory',
207 error   fstream_path: '/usr/lib/node_modules/jade',
207 error   fstream_class: 'DirWriter',
207 error   fstream_stack:
207 error    [ '/usr/lib/node_modules/npm/node_modules/fstream/lib/dir-writer.js:36:23',
207 error      '/usr/lib/node_modules/npm/node_modules/mkdirp/index.js:37:53',
207 error      'Object.oncomplete (fs.js:107:15)' ] }
208 error Please try running this command again as root/Administrator.
209 error System Linux 3.2.0-52-generic-pae
210 error command "/usr/bin/node" "/usr/bin/npm" "install" "jade" "--global"
211 error cwd /home/alisa/MisterBlueSky
212 error node -v v0.10.15
213 error npm -v 1.3.5
214 error path /usr/lib/node_modules/jade
215 error fstream_path /usr/lib/node_modules/jade
216 error fstream_type Directory
217 error fstream_class DirWriter
218 error code EACCES
219 error errno 3
220 error stack Error: EACCES, mkdir '/usr/lib/node_modules/jade'
221 error fstream_stack /usr/lib/node_modules/npm/node_modules/fstream/lib/dir-writer.js:36:23
221 error fstream_stack /usr/lib/node_modules/npm/node_modules/mkdirp/index.js:37:53
221 error fstream_stack Object.oncomplete (fs.js:107:15)
222 verbose exit [ 3, true ]
